[debug] [2025-06-20T01:44:02.010Z] ----------------------------------------------------------------------
[debug] [2025-06-20T01:44:02.014Z] Command:       /usr/local/bin/node /usr/local/bin/firebase deploy --only hosting:neon101
[debug] [2025-06-20T01:44:02.014Z] CLI Version:   14.7.0
[debug] [2025-06-20T01:44:02.014Z] Platform:      darwin
[debug] [2025-06-20T01:44:02.014Z] Node Version:  v22.16.0
[debug] [2025-06-20T01:44:02.015Z] Time:          Fri Jun 20 2025 10:44:02 GMT+0900 (Korean Standard Time)
[debug] [2025-06-20T01:44:02.015Z] ----------------------------------------------------------------------
[debug] 
[debug] [2025-06-20T01:44:02.104Z] > command requires scopes: ["email","openid","https://www.googleapis.com/auth/cloudplatformprojects.readonly","https://www.googleapis.com/auth/firebase","https://www.googleapis.com/auth/cloud-platform"]
[debug] [2025-06-20T01:44:02.105Z] > authorizing via signed-in user (neonfamily101@gmail.com)
[debug] [2025-06-20T01:44:02.105Z] [iam] checking project neon101 for permissions ["firebase.projects.get","firebasehosting.sites.update"]
[debug] [2025-06-20T01:44:02.105Z] Checked if tokens are valid: true, expires at: 1750386191035
[debug] [2025-06-20T01:44:02.105Z] Checked if tokens are valid: true, expires at: 1750386191035
[debug] [2025-06-20T01:44:02.106Z] >>> [apiv2][query] POST https://cloudresourcemanager.googleapis.com/v1/projects/neon101:testIamPermissions [none]
[debug] [2025-06-20T01:44:02.106Z] >>> [apiv2][(partial)header] POST https://cloudresourcemanager.googleapis.com/v1/projects/neon101:testIamPermissions x-goog-quota-user=projects/neon101
[debug] [2025-06-20T01:44:02.106Z] >>> [apiv2][body] POST https://cloudresourcemanager.googleapis.com/v1/projects/neon101:testIamPermissions {"permissions":["firebase.projects.get","firebasehosting.sites.update"]}
[debug] [2025-06-20T01:44:03.031Z] <<< [apiv2][status] POST https://cloudresourcemanager.googleapis.com/v1/projects/neon101:testIamPermissions 200
[debug] [2025-06-20T01:44:03.031Z] <<< [apiv2][body] POST https://cloudresourcemanager.googleapis.com/v1/projects/neon101:testIamPermissions {"permissions":["firebase.projects.get","firebasehosting.sites.update"]}
[debug] [2025-06-20T01:44:03.032Z] Checked if tokens are valid: true, expires at: 1750386191035
[debug] [2025-06-20T01:44:03.032Z] Checked if tokens are valid: true, expires at: 1750386191035
[debug] [2025-06-20T01:44:03.032Z] >>> [apiv2][query] GET https://firebase.googleapis.com/v1beta1/projects/neon101 [none]
[debug] [2025-06-20T01:44:03.535Z] <<< [apiv2][status] GET https://firebase.googleapis.com/v1beta1/projects/neon101 200
[debug] [2025-06-20T01:44:03.535Z] <<< [apiv2][body] GET https://firebase.googleapis.com/v1beta1/projects/neon101 {"projectId":"neon101","projectNumber":"408563561752","displayName":"NEON101","name":"projects/neon101","resources":{"hostingSite":"neon101"},"state":"ACTIVE","etag":"1_80674678-04c5-4687-b09a-ccac18784a99"}
[info] 
[info] === Deploying to 'neon101'...
[info] 
[info] i  deploying hosting 
[debug] [2025-06-20T01:44:03.543Z] Checked if tokens are valid: true, expires at: 1750386191035
[debug] [2025-06-20T01:44:03.543Z] Checked if tokens are valid: true, expires at: 1750386191035
[debug] [2025-06-20T01:44:03.543Z] >>> [apiv2][query] POST https://firebasehosting.googleapis.com/v1beta1/projects/-/sites/neon101/versions [none]
[debug] [2025-06-20T01:44:03.544Z] >>> [apiv2][body] POST https://firebasehosting.googleapis.com/v1beta1/projects/-/sites/neon101/versions {"status":"CREATED","labels":{"deployment-tool":"cli-firebase"}}
[debug] [2025-06-20T01:44:04.672Z] <<< [apiv2][status] POST https://firebasehosting.googleapis.com/v1beta1/projects/-/sites/neon101/versions 200
[debug] [2025-06-20T01:44:04.673Z] <<< [apiv2][body] POST https://firebasehosting.googleapis.com/v1beta1/projects/-/sites/neon101/versions {"name":"projects/408563561752/sites/neon101/versions/af1dc910fcfa07fc","status":"CREATED","config":{},"labels":{"deployment-tool":"cli-firebase"}}
[info] i  hosting[neon101]: beginning deploy... 
[info] i  hosting[neon101]: found 54 files in public 
[debug] [2025-06-20T01:44:04.697Z] [hosting] uploading with 200 concurrency
[debug] [2025-06-20T01:44:04.701Z] Checked if tokens are valid: true, expires at: 1750386191035
[debug] [2025-06-20T01:44:04.701Z] Checked if tokens are valid: true, expires at: 1750386191035
[debug] [2025-06-20T01:44:04.701Z] [hosting] hash cache [cHVibGlj] stored for 54 files
[debug] [2025-06-20T01:44:04.702Z] [hosting][hash queue][FINAL] {"max":2,"min":0,"avg":0.9238454260265141,"active":0,"complete":54,"success":54,"errored":0,"retried":0,"total":54,"elapsed":3}
[debug] [2025-06-20T01:44:04.702Z] >>> [apiv2][query] POST https://firebasehosting.googleapis.com/v1beta1/projects/408563561752/sites/neon101/versions/af1dc910fcfa07fc:populateFiles [none]
[debug] [2025-06-20T01:44:04.702Z] >>> [apiv2][body] POST https://firebasehosting.googleapis.com/v1beta1/projects/408563561752/sites/neon101/versions/af1dc910fcfa07fc:populateFiles {"files":{"/index.html":"fc1bb9828ad04335d75d2aeb1d21a103198d76350719a5523bb99b1daef7ec1f","/404.html":"b6abfbdc894d37c260154e281499dc6415bb6ad76b32f01ef94dee93aa897ac4","/videos/slideVideos/superbot101.webm":"ef910e6bda94912cce7450cd99bc38a15c4ac4382842630a7c4ff8b2808b23cb","/videos/slideVideos/superbot101.mp4":"211bcbe0edf6c7d9d2be6cbd0b96842c3b5276694579ef59b971b3a4aedc1d77","/videos/slideVideos/das.webm":"03423a088ed1eb603d291ac42fe2b34092252833c174f8edf5c209ff959c7139","/videos/slideVideos/das.mp4":"d550c41d8a477ca01b78adf8058ad97a34a7b3bd0c2da02ec3d442d9fc027e60","/videos/clientsVideos/hyper_space.webm":"97d8a2f803c184ce7300c38d329c2ca8735f1d2ba91187d8a5ed27fd95afb1d2","/videos/clientsVideos/hyper_space.mp4":"043a695a55edea4e35c5f53e53b74e06a746dd9941c29d5eadf2cbdeac9e452b","/videos/clientsVideos/c_commerce.webm":"43fb7d119d6bf0213e94345e79c688f94746118438f41e078823e395c6ecea94","/videos/clientsVideos/c_commerce.mp4":"916d4a1081369e2079528bbe07a32fbfe9a78e42a5b7615814edcb0b9d314bcb","/videos/clientsVideos/VAN.webm":"76c20cd6fc4179d59ea4a9c35350abb28a33a85bc9f336f4f3f6259382017205","/videos/clientsVideos/VAN.mp4":"cef7f9e7ec8295e648a919abab0f9c356a6b1464a9913e2bbc7c85265223604b","/videos/clientsVideos/Global_MRO.webm":"88c9da0642f4d760c6b690cac34a37dae995fff2236667db94b67d6363fb9944","/videos/clientsVideos/Global_MRO.mp4":"01c369b595ad8aa716cf67c9e59d6dbd25c5dcf785e3a14275a3c89ec5fc4104","/videos/clientsVideos/AX_Marketing.webm":"3cc6c4faef41c1105b0b287db91bd1cfc0f9647f7c9658ec8e48c89f06483cc0","/videos/clientsVideos/AX_Marketing.mp4":"425d165e60961c07804b5d58fb311ca499aa9cc9dcb231ccd6783ca19d182c86","/videos/clientsVideos/AI_webtoon.webm":"2f3ad2e6c70d68965bc957ef3356119d310fe223419f89d49af722cdd6ed66d1","/videos/clientsVideos/AI_webtoon.mp4":"242c7ed938cd45fa4351b4eca1a8c00f010e27cba8452e0251d8e933786afdfc","/videos/clientsVideos/AI_Entertainment.webm":"bf71e268b0e4926355f12bfc7f6293419ac197ad6c55081c8115f75b56f2cba0","/videos/clientsVideos/AI_Entertainment.mp4":"9d88b5a889ad2ef38db75fc335583ea5d0913ab874cdea53c8f704c2854777fc","/images/logo.svg":"d4c3e3d5bac77a74cbbb4cd89a7098a9d3402606494de519db975268fbaf23c9","/images/clients_logo/한국관광공사.webp":"7a72c1f24c6f8821b75fcb6b1e7722b6866e8db359ecccec3f20ee3619d1b666","/images/clients_logo/한국관광공사.png":"d442757a48311052495f2f3f58153e92d2f04fb5815f4bac27b609ad00089a1a","/images/clients_logo/파라다이스.webp":"abd12243100169666613c9aeb3d6e9b6d803072cecb95ad35b216136bfa1aa72","/images/clients_logo/파라다이스.png":"733ce83929ef08a3bfd4908f11d0d8cd75b8aaf03d4922a079ce69d96e0ea1df","/images/clients_logo/이베이.webp":"b51c52e6f8c29c0944298218bc7dab2d4e67d363f711177aea7b30179ea79cba","/images/clients_logo/이베이.png":"44a06024346ccab4a2a075cf5d28c236a2f06562447a21c4216853e77d826c85","/images/clients_logo/워커힐.webp":"73628ab935b2d5c4ead04b1f331dbe24fad1194dde40e7c104e45d10121a0635","/images/clients_logo/워커힐.png":"a3d230c8e62044fbb50049001d4a24b7fd612d7cae6837a691d1f573c00b572a","/images/clients_logo/아모레퍼시픽.webp":"f8ca83ccf24dbf804e0f8daf33f2ecc21c054acca7fb78daf0b52b1a646558ab","/images/clients_logo/아모레퍼시픽.png":"84b2ebdf541174ec9f6e169ce93a8994f6cf70299c007ad88626bf546a0868da","/images/clients_logo/신한카드.webp":"deb8e7154c83708a6ebf60ce1115b8b568020a8616b330d6de70ea08f4b9aa55","/images/clients_logo/신한카드.png":"b1f128bb7900cdf6027be2f597ab4ff8f3117d6f690989f3f130cb3e565534a9","/images/clients_logo/삼성전자.webp":"ab5b68cb1f5ce66a85b7b4fbe357cc5ece2318e5bf32b1bcf9c3aa1f694c0a86","/images/clients_logo/삼성전자.png":"3a477feb3c935ec36dafcb1258a5895b1e44337d7ad04f0cb55f6960f3b1f8d7","/images/clients_logo/롯데카드.webp":"282b16ea05fee420259ec35844f4723d25c08da3cd8ad83d91c49d2347d0714a","/images/clients_logo/롯데카드.png":"8717d552be7d0e33a6986513b3d6f6178145734d8eebfaea903aa825de7b6589","/images/clients_logo/나이키.webp":"981770cb643a02e5a7e8ebc77035e7f8d546e5ed22e1433330fb228a6f22178b","/images/clients_logo/나이키.png":"c229fd0f6538c89e74ecf55dc45370ed9f7a9b2de860acd5065a25c619256ca4","/images/clients_logo/국방과학연구소.webp":"5fd929fe6ef35360fea7214d9d7b9b6fc9879c26477a1d206fafd6bc1aa1ff25","/images/clients_logo/국방과학연구소.png":"7f2a9705921211de91b5f1249bfbf04b5cfac26256ec3dfc253a0aef719bf5f6","/images/clients_logo/SKtelecom.webp":"ae2780f5e213dd13fd18aaf12babb9d20987f58a3353c69762501ff32a167410","/images/clients_logo/SKtelecom.png":"f3db705ad80c6633d9491c7d47576035eae0c225e4663f2b117808b832cd2697","/images/clients_logo/LG전자.webp":"2d2d9f87039429e92dd6d62794a25149b77586fba475dd678b8612737e94e490","/images/clients_logo/LG전자.png":"d539d31e735e253ddbfe0e6f927310f6b8169fc9b04155d9a0cf76fcf398d9ab","/images/clients_logo/LGU+.webp":"59a8ac35ec90e3caa3f547eb504f75fc9da61c86eb7f26ab7247d2e06a3d1a9a","/images/clients_logo/LGU+.png":"562e7815f69d5d2e1a098eab627cf7f507a7519c2427b7be598c9a7b41d03b52","/images/clients_logo/KT.webp":"18d8c16c9b7b4a9d64db632e7921816e84897b749a4ca62e5f36b5de5f66c9c2","/images/clients_logo/KT.png":"b307eba5ad1a5f3ecbe219d1e0ff549b8eb61ad74d2324de9b3126b5eee51437","/images/ceo/profile.png":"6973bdb37cfe896fca39814c5be85f57c8d56c291e2f7d6296bc071e1acac618","/images/ceo/background.png":"d2629a14550f677385e161a1fa729fdacb15dbd467c17114ff2f76909627cd47","/fonts/ABCFavoritMono-Book.woff2":"9a80779af2c73220928c64b105491b0fa5827ed65205a6b1d8d64740bb3f5b87","/acme-challenge/index.html":"7869e1d8106852dc25b96bca51acc1700aac289a6a493e3d1bcf66088e60612a","/.well-known/acme-challenge/index.html":"9f01ab18fcf35f7679c911ed1eab6b7d88e8eba09d66e922f6de3c152a481347"}}
[debug] [2025-06-20T01:44:05.189Z] <<< [apiv2][status] POST https://firebasehosting.googleapis.com/v1beta1/projects/408563561752/sites/neon101/versions/af1dc910fcfa07fc:populateFiles 200
[debug] [2025-06-20T01:44:05.189Z] <<< [apiv2][body] POST https://firebasehosting.googleapis.com/v1beta1/projects/408563561752/sites/neon101/versions/af1dc910fcfa07fc:populateFiles {"uploadUrl":"https://upload-firebasehosting.googleapis.com/upload/sites/neon101/versions/af1dc910fcfa07fc/files"}
[debug] [2025-06-20T01:44:05.190Z] [hosting][populate queue][FINAL] {"max":489,"min":489,"avg":489,"active":0,"complete":1,"success":1,"errored":0,"retried":0,"total":1,"elapsed":489}
[debug] [2025-06-20T01:44:05.190Z] [hosting] uploads queued: 0
[debug] [2025-06-20T01:44:05.190Z] [hosting][upload queue][FINAL] {"max":0,"min":9999999999,"avg":0,"active":0,"complete":0,"success":0,"errored":0,"retried":0,"total":0,"elapsed":1750383845190}
[info] ✔  hosting[neon101]: file upload complete 
[debug] [2025-06-20T01:44:05.191Z] [hosting] deploy completed after 515ms
[debug] [2025-06-20T01:44:05.191Z] [
  {
    "config": {
      "site": "neon101",
      "public": "public",
      "ignore": [
        "**/.*",
        "**/node_modules/**"
      ],
      "headers": [
        {
          "source": "**/*.@(webm|mp4|jpg|jpeg|png|svg|gif)",
          "headers": [
            {
              "key": "Access-Control-Allow-Origin",
              "value": "*"
            },
            {
              "key": "Access-Control-Allow-Methods",
              "value": "GET, HEAD, OPTIONS"
            },
            {
              "key": "Access-Control-Allow-Headers",
              "value": "Content-Type"
            },
            {
              "key": "Cache-Control",
              "value": "public, max-age=31536000, immutable"
            }
          ]
        }
      ],
      "rewrites": [
        {
          "source": "/.well-known/acme-challenge/**",
          "destination": "/.well-known/acme-challenge/index.html"
        },
        {
          "source": "**",
          "run": {
            "serviceId": "neon101-web-fe",
            "region": "asia-northeast1"
          }
        }
      ]
    },
    "version": "projects/408563561752/sites/neon101/versions/af1dc910fcfa07fc"
  }
]
[info] i  hosting[neon101]: finalizing version... 
[debug] [2025-06-20T01:44:05.192Z] Checked if tokens are valid: true, expires at: 1750386191035
[debug] [2025-06-20T01:44:05.194Z] Checked if tokens are valid: true, expires at: 1750386191035
[debug] [2025-06-20T01:44:05.194Z] >>> [apiv2][query] GET https://cloudfunctions.googleapis.com/v1/projects/neon101/locations/-/functions [none]
[debug] [2025-06-20T01:44:05.680Z] <<< [apiv2][status] GET https://cloudfunctions.googleapis.com/v1/projects/neon101/locations/-/functions 403
[debug] [2025-06-20T01:44:05.680Z] <<< [apiv2][body] GET https://cloudfunctions.googleapis.com/v1/projects/neon101/locations/-/functions {"error":{"code":403,"message":"Cloud Functions API has not been used in project neon101 before or it is disabled. Enable it by visiting https://console.developers.google.com/apis/api/cloudfunctions.googleapis.com/overview?project=neon101 then retry. If you enabled this API recently, wait a few minutes for the action to propagate to our systems and retry.","status":"PERMISSION_DENIED","details":[{"@type":"type.googleapis.com/google.rpc.ErrorInfo","reason":"SERVICE_DISABLED","domain":"googleapis.com","metadata":{"serviceTitle":"Cloud Functions API","service":"cloudfunctions.googleapis.com","containerInfo":"neon101","consumer":"projects/neon101","activationUrl":"https://console.developers.google.com/apis/api/cloudfunctions.googleapis.com/overview?project=neon101"}},{"@type":"type.googleapis.com/google.rpc.LocalizedMessage","locale":"en-US","message":"Cloud Functions API has not been used in project neon101 before or it is disabled. Enable it by visiting https://console.developers.google.com/apis/api/cloudfunctions.googleapis.com/overview?project=neon101 then retry. If you enabled this API recently, wait a few minutes for the action to propagate to our systems and retry."},{"@type":"type.googleapis.com/google.rpc.Help","links":[{"description":"Google developers console API activation","url":"https://console.developers.google.com/apis/api/cloudfunctions.googleapis.com/overview?project=neon101"}]}]}}
[debug] [2025-06-20T01:44:05.681Z] [functions] failed to list functions for neon101
[debug] [2025-06-20T01:44:05.681Z] [functions] Request to https://cloudfunctions.googleapis.com/v1/projects/neon101/locations/-/functions had HTTP Error: 403, Cloud Functions API has not been used in project neon101 before or it is disabled. Enable it by visiting https://console.developers.google.com/apis/api/cloudfunctions.googleapis.com/overview?project=neon101 then retry. If you enabled this API recently, wait a few minutes for the action to propagate to our systems and retry.
[debug] [2025-06-20T01:44:05.682Z] Deploying hosting site neon101, did not have permissions to check for backends:  Failed to list functions for neon101 {"name":"FirebaseError","children":[],"exit":1,"message":"Failed to list functions for neon101","original":{"name":"FirebaseError","children":[],"context":{"body":{"error":{"code":403,"message":"Cloud Functions API has not been used in project neon101 before or it is disabled. Enable it by visiting https://console.developers.google.com/apis/api/cloudfunctions.googleapis.com/overview?project=neon101 then retry. If you enabled this API recently, wait a few minutes for the action to propagate to our systems and retry.","status":"PERMISSION_DENIED","details":[{"@type":"type.googleapis.com/google.rpc.ErrorInfo","reason":"SERVICE_DISABLED","domain":"googleapis.com","metadata":{"serviceTitle":"Cloud Functions API","service":"cloudfunctions.googleapis.com","containerInfo":"neon101","consumer":"projects/neon101","activationUrl":"https://console.developers.google.com/apis/api/cloudfunctions.googleapis.com/overview?project=neon101"}},{"@type":"type.googleapis.com/google.rpc.LocalizedMessage","locale":"en-US","message":"Cloud Functions API has not been used in project neon101 before or it is disabled. Enable it by visiting https://console.developers.google.com/apis/api/cloudfunctions.googleapis.com/overview?project=neon101 then retry. If you enabled this API recently, wait a few minutes for the action to propagate to our systems and retry."},{"@type":"type.googleapis.com/google.rpc.Help","links":[{"description":"Google developers console API activation","url":"https://console.developers.google.com/apis/api/cloudfunctions.googleapis.com/overview?project=neon101"}]}]}},"response":{"statusCode":403}},"exit":1,"message":"Request to https://cloudfunctions.googleapis.com/v1/projects/neon101/locations/-/functions had HTTP Error: 403, Cloud Functions API has not been used in project neon101 before or it is disabled. Enable it by visiting https://console.developers.google.com/apis/api/cloudfunctions.googleapis.com/overview?project=neon101 then retry. If you enabled this API recently, wait a few minutes for the action to propagate to our systems and retry.","status":403},"status":403}
[debug] [2025-06-20T01:44:05.684Z] Checked if tokens are valid: true, expires at: 1750386191035
[debug] [2025-06-20T01:44:05.684Z] Checked if tokens are valid: true, expires at: 1750386191035
[debug] [2025-06-20T01:44:05.685Z] >>> [apiv2][query] PATCH https://firebasehosting.googleapis.com/v1beta1/projects/-/sites/neon101/versions/af1dc910fcfa07fc updateMask=status%2Cconfig
[debug] [2025-06-20T01:44:05.685Z] >>> [apiv2][body] PATCH https://firebasehosting.googleapis.com/v1beta1/projects/-/sites/neon101/versions/af1dc910fcfa07fc {"status":"FINALIZED","config":{"rewrites":[{"glob":"/.well-known/acme-challenge/**","path":"/.well-known/acme-challenge/index.html"},{"glob":"**","run":{"serviceId":"neon101-web-fe","region":"asia-northeast1"}}],"headers":[{"glob":"**/*.@(webm|mp4|jpg|jpeg|png|svg|gif)","headers":{"Access-Control-Allow-Origin":"*","Access-Control-Allow-Methods":"GET, HEAD, OPTIONS","Access-Control-Allow-Headers":"Content-Type","Cache-Control":"public, max-age=31536000, immutable"}}]}}
